[2020-08-21 22:56:55] local.ERROR: syntax error, unexpected 'return' (T_RETURN) {"exception":"[object] (Symfony\\Component\\Debug\\Exception\\FatalThrowableError(code: 0): syntax error, unexpected 'return' (T_RETURN) at D:\\PROGRAMMING\\OSPanel\\domains\\blog_6\\app\\Http\\Controllers\\Blog\\Admin\\PostController.php:131)
[stacktrace]
#0 D:\\PROGRAMMING\\OSPanel\\domains\\blog_6\\vendor\\composer\\ClassLoader.php(322): Composer\\Autoload\\includeFile('D:\\\\PROGRAMMING\\\\...')
#1 [internal function]: Composer\\Autoload\\ClassLoader->loadClass('App\\\\Http\\\\Contro...')
#2 [internal function]: spl_autoload_call('App\\\\Http\\\\Contro...')
#3 D:\\PROGRAMMING\\OSPanel\\domains\\blog_6\\vendor\\laravel\\framework\\src\\Illuminate\\Container\\Container.php(803): ReflectionClass->__construct('App\\\\Http\\\\Contro...')
#4 D:\\PROGRAMMING\\OSPanel\\domains\\blog_6\\vendor\\laravel\\framework\\src\\Illuminate\\Container\\Container.php(681): Illuminate\\Container\\Container->build('App\\\\Http\\\\Contro...')
#5 D:\\PROGRAMMING\\OSPanel\\domains\\blog_6\\vendor\\laravel\\framework\\src\\Illuminate\\Foundation\\Application.php(785): Illuminate\\Container\\Container->resolve('App\\\\Http\\\\Contro...', Array, true)
#6 D:\\PROGRAMMING\\OSPanel\\domains\\blog_6\\vendor\\laravel\\framework\\src\\Illuminate\\Container\\Container.php(629): Illuminate\\Foundation\\Application->resolve('App\\\\Http\\\\Contro...', Array)
#7 D:\\PROGRAMMING\\OSPanel\\domains\\blog_6\\vendor\\laravel\\framework\\src\\Illuminate\\Foundation\\Application.php(770): Illuminate\\Container\\Container->make('App\\\\Http\\\\Contro...', Array)
#8 D:\\PROGRAMMING\\OSPanel\\domains\\blog_6\\vendor\\laravel\\framework\\src\\Illuminate\\Routing\\Route.php(233): Illuminate\\Foundation\\Application->make('App\\\\Http\\\\Contro...')
#9 D:\\PROGRAMMING\\OSPanel\\domains\\blog_6\\vendor\\laravel\\framework\\src\\Illuminate\\Routing\\Route.php(833): Illuminate\\Routing\\Route->getController()
#10 D:\\PROGRAMMING\\OSPanel\\domains\\blog_6\\vendor\\laravel\\framework\\src\\Illuminate\\Routing\\Route.php(794): Illuminate\\Routing\\Route->controllerMiddleware()
#11 D:\\PROGRAMMING\\OSPanel\\domains\\blog_6\\vendor\\laravel\\framework\\src\\Illuminate\\Routing\\Router.php(694): Illuminate\\Routing\\Route->gatherMiddleware()
#12 D:\\PROGRAMMING\\OSPanel\\domains\\blog_6\\vendor\\laravel\\framework\\src\\Illuminate\\Routing\\Router.php(674): Illuminate\\Routing\\Router->gatherRouteMiddleware(Object(Illuminate\\Routing\\Route))
#13 D:\\PROGRAMMING\\OSPanel\\domains\\blog_6\\vendor\\laravel\\framework\\src\\Illuminate\\Routing\\Router.php(658): Illuminate\\Routing\\Router->runRouteWithinStack(Object(Illuminate\\Routing\\Route), Object(Illuminate\\Http\\Request))
#14 D:\\PROGRAMMING\\OSPanel\\domains\\blog_6\\vendor\\laravel\\framework\\src\\Illuminate\\Routing\\Router.php(624): Illuminate\\Routing\\Router->runRoute(Object(Illuminate\\Http\\Request), Object(Illuminate\\Routing\\Route))
#15 D:\\PROGRAMMING\\OSPanel\\domains\\blog_6\\vendor\\laravel\\framework\\src\\Illuminate\\Routing\\Router.php(613): Illuminate\\Routing\\Router->dispatchToRoute(Object(Illuminate\\Http\\Request))
#16 D:\\PROGRAMMING\\OSPanel\\domains\\blog_6\\vendor\\laravel\\framework\\src\\Illuminate\\Foundation\\Http\\Kernel.php(170): Illuminate\\Routing\\Router->dispatch(Object(Illuminate\\Http\\Request))
#17 D:\\PROGRAMMING\\OSPanel\\domains\\blog_6\\vendor\\laravel\\framework\\src\\Illuminate\\Pipeline\\Pipeline.php(130): Illuminate\\Foundation\\Http\\Kernel->Illuminate\\Foundation\\Http\\{closure}(Object(Illuminate\\Http\\Request))
#18 D:\\PROGRAMMING\\OSPanel\\domains\\blog_6\\vendor\\barryvdh\\laravel-debugbar\\src\\Middleware\\InjectDebugbar.php(65): Illuminate\\Pipeline\\Pipeline->Illuminate\\Pipeline\\{closure}(Object(Illuminate\\Http\\Request))
#19 D:\\PROGRAMMING\\OSPanel\\domains\\blog_6\\vendor\\laravel\\framework\\src\\Illuminate\\Pipeline\\Pipeline.php(171): Barryvdh\\Debugbar\\Middleware\\InjectDebugbar->handle(Object(Illuminate\\Http\\Request), Object(Closure))
#20 D:\\PROGRAMMING\\OSPanel\\domains\\blog_6\\vendor\\laravel\\framework\\src\\Illuminate\\Foundation\\Http\\Middleware\\TransformsRequest.php(21): Illuminate\\Pipeline\\Pipeline->Illuminate\\Pipeline\\{closure}(Object(Illuminate\\Http\\Request))
#21 D:\\PROGRAMMING\\OSPanel\\domains\\blog_6\\vendor\\laravel\\framework\\src\\Illuminate\\Pipeline\\Pipeline.php(171): Illuminate\\Foundation\\Http\\Middleware\\TransformsRequest->handle(Object(Illuminate\\Http\\Request), Object(Closure))
#22 D:\\PROGRAMMING\\OSPanel\\domains\\blog_6\\vendor\\laravel\\framework\\src\\Illuminate\\Foundation\\Http\\Middleware\\TransformsRequest.php(21): Illuminate\\Pipeline\\Pipeline->Illuminate\\Pipeline\\{closure}(Object(Illuminate\\Http\\Request))
#23 D:\\PROGRAMMING\\OSPanel\\domains\\blog_6\\vendor\\laravel\\framework\\src\\Illuminate\\Pipeline\\Pipeline.php(171): Illuminate\\Foundation\\Http\\Middleware\\TransformsRequest->handle(Object(Illuminate\\Http\\Request), Object(Closure))
#24 D:\\PROGRAMMING\\OSPanel\\domains\\blog_6\\vendor\\laravel\\framework\\src\\Illuminate\\Foundation\\Http\\Middleware\\ValidatePostSize.php(27): Illuminate\\Pipeline\\Pipeline->Illuminate\\Pipeline\\{closure}(Object(Illuminate\\Http\\Request))
#25 D:\\PROGRAMMING\\OSPanel\\domains\\blog_6\\vendor\\laravel\\framework\\src\\Illuminate\\Pipeline\\Pipeline.php(171): Illuminate\\Foundation\\Http\\Middleware\\ValidatePostSize->handle(Object(Illuminate\\Http\\Request), Object(Closure))
#26 D:\\PROGRAMMING\\OSPanel\\domains\\blog_6\\vendor\\laravel\\framework\\src\\Illuminate\\Foundation\\Http\\Middleware\\CheckForMaintenanceMode.php(63): Illuminate\\Pipeline\\Pipeline->Illuminate\\Pipeline\\{closure}(Object(Illuminate\\Http\\Request))
#27 D:\\PROGRAMMING\\OSPanel\\domains\\blog_6\\vendor\\laravel\\framework\\src\\Illuminate\\Pipeline\\Pipeline.php(171): Illuminate\\Foundation\\Http\\Middleware\\CheckForMaintenanceMode->handle(Object(Illuminate\\Http\\Request), Object(Closure))
#28 D:\\PROGRAMMING\\OSPanel\\domains\\blog_6\\vendor\\fideloper\\proxy\\src\\TrustProxies.php(57): Illuminate\\Pipeline\\Pipeline->Illuminate\\Pipeline\\{closure}(Object(Illuminate\\Http\\Request))
#29 D:\\PROGRAMMING\\OSPanel\\domains\\blog_6\\vendor\\laravel\\framework\\src\\Illuminate\\Pipeline\\Pipeline.php(171): Fideloper\\Proxy\\TrustProxies->handle(Object(Illuminate\\Http\\Request), Object(Closure))
#30 D:\\PROGRAMMING\\OSPanel\\domains\\blog_6\\vendor\\laravel\\framework\\src\\Illuminate\\Pipeline\\Pipeline.php(105): Illuminate\\Pipeline\\Pipeline->Illuminate\\Pipeline\\{closure}(Object(Illuminate\\Http\\Request))
#31 D:\\PROGRAMMING\\OSPanel\\domains\\blog_6\\vendor\\laravel\\framework\\src\\Illuminate\\Foundation\\Http\\Kernel.php(145): Illuminate\\Pipeline\\Pipeline->then(Object(Closure))
#32 D:\\PROGRAMMING\\OSPanel\\domains\\blog_6\\vendor\\laravel\\framework\\src\\Illuminate\\Foundation\\Http\\Kernel.php(110): Illuminate\\Foundation\\Http\\Kernel->sendRequestThroughRouter(Object(Illuminate\\Http\\Request))
#33 D:\\PROGRAMMING\\OSPanel\\domains\\blog_6\\public\\index.php(55): Illuminate\\Foundation\\Http\\Kernel->handle(Object(Illuminate\\Http\\Request))
#34 {main}
"} 
[2020-08-21 22:56:56] local.ERROR: syntax error, unexpected 'return' (T_RETURN) {"exception":"[object] (Symfony\\Component\\Debug\\Exception\\FatalThrowableError(code: 0): syntax error, unexpected 'return' (T_RETURN) at D:\\PROGRAMMING\\OSPanel\\domains\\blog_6\\app\\Http\\Controllers\\Blog\\Admin\\PostController.php:131)
[stacktrace]
#0 D:\\PROGRAMMING\\OSPanel\\domains\\blog_6\\vendor\\composer\\ClassLoader.php(322): Composer\\Autoload\\includeFile('D:\\\\PROGRAMMING\\\\...')
#1 [internal function]: Composer\\Autoload\\ClassLoader->loadClass('App\\\\Http\\\\Contro...')
#2 [internal function]: spl_autoload_call('App\\\\Http\\\\Contro...')
#3 D:\\PROGRAMMING\\OSPanel\\domains\\blog_6\\vendor\\barryvdh\\laravel-debugbar\\src\\DataCollector\\RouteCollector.php(63): class_exists('App\\\\Http\\\\Contro...')
#4 D:\\PROGRAMMING\\OSPanel\\domains\\blog_6\\vendor\\barryvdh\\laravel-debugbar\\src\\DataCollector\\RouteCollector.php(37): Barryvdh\\Debugbar\\DataCollector\\RouteCollector->getRouteInformation(Object(Illuminate\\Routing\\Route))
#5 D:\\PROGRAMMING\\OSPanel\\domains\\blog_6\\vendor\\barryvdh\\laravel-debugbar\\src\\LaravelDebugbar.php(824): Barryvdh\\Debugbar\\DataCollector\\RouteCollector->collect()
#6 D:\\PROGRAMMING\\OSPanel\\domains\\blog_6\\vendor\\maximebf\\debugbar\\src\\DebugBar\\DebugBar.php(265): Barryvdh\\Debugbar\\LaravelDebugbar->collect()
#7 D:\\PROGRAMMING\\OSPanel\\domains\\blog_6\\vendor\\maximebf\\debugbar\\src\\DebugBar\\JavascriptRenderer.php(1014): DebugBar\\DebugBar->getData()
#8 D:\\PROGRAMMING\\OSPanel\\domains\\blog_6\\vendor\\barryvdh\\laravel-debugbar\\src\\LaravelDebugbar.php(860): DebugBar\\JavascriptRenderer->render()
#9 D:\\PROGRAMMING\\OSPanel\\domains\\blog_6\\vendor\\barryvdh\\laravel-debugbar\\src\\LaravelDebugbar.php(745): Barryvdh\\Debugbar\\LaravelDebugbar->injectDebugbar(Object(Illuminate\\Http\\Response))
#10 D:\\PROGRAMMING\\OSPanel\\domains\\blog_6\\vendor\\barryvdh\\laravel-debugbar\\src\\Middleware\\InjectDebugbar.php(74): Barryvdh\\Debugbar\\LaravelDebugbar->modifyResponse(Object(Illuminate\\Http\\Request), Object(Illuminate\\Http\\Response))
#11 D:\\PROGRAMMING\\OSPanel\\domains\\blog_6\\vendor\\laravel\\framework\\src\\Illuminate\\Pipeline\\Pipeline.php(171): Barryvdh\\Debugbar\\Middleware\\InjectDebugbar->handle(Object(Illuminate\\Http\\Request), Object(Closure))
#12 D:\\PROGRAMMING\\OSPanel\\domains\\blog_6\\vendor\\laravel\\framework\\src\\Illuminate\\Foundation\\Http\\Middleware\\TransformsRequest.php(21): Illuminate\\Pipeline\\Pipeline->Illuminate\\Pipeline\\{closure}(Object(Illuminate\\Http\\Request))
#13 D:\\PROGRAMMING\\OSPanel\\domains\\blog_6\\vendor\\laravel\\framework\\src\\Illuminate\\Pipeline\\Pipeline.php(171): Illuminate\\Foundation\\Http\\Middleware\\TransformsRequest->handle(Object(Illuminate\\Http\\Request), Object(Closure))
#14 D:\\PROGRAMMING\\OSPanel\\domains\\blog_6\\vendor\\laravel\\framework\\src\\Illuminate\\Foundation\\Http\\Middleware\\TransformsRequest.php(21): Illuminate\\Pipeline\\Pipeline->Illuminate\\Pipeline\\{closure}(Object(Illuminate\\Http\\Request))
#15 D:\\PROGRAMMING\\OSPanel\\domains\\blog_6\\vendor\\laravel\\framework\\src\\Illuminate\\Pipeline\\Pipeline.php(171): Illuminate\\Foundation\\Http\\Middleware\\TransformsRequest->handle(Object(Illuminate\\Http\\Request), Object(Closure))
#16 D:\\PROGRAMMING\\OSPanel\\domains\\blog_6\\vendor\\laravel\\framework\\src\\Illuminate\\Foundation\\Http\\Middleware\\ValidatePostSize.php(27): Illuminate\\Pipeline\\Pipeline->Illuminate\\Pipeline\\{closure}(Object(Illuminate\\Http\\Request))
#17 D:\\PROGRAMMING\\OSPanel\\domains\\blog_6\\vendor\\laravel\\framework\\src\\Illuminate\\Pipeline\\Pipeline.php(171): Illuminate\\Foundation\\Http\\Middleware\\ValidatePostSize->handle(Object(Illuminate\\Http\\Request), Object(Closure))
#18 D:\\PROGRAMMING\\OSPanel\\domains\\blog_6\\vendor\\laravel\\framework\\src\\Illuminate\\Foundation\\Http\\Middleware\\CheckForMaintenanceMode.php(63): Illuminate\\Pipeline\\Pipeline->Illuminate\\Pipeline\\{closure}(Object(Illuminate\\Http\\Request))
#19 D:\\PROGRAMMING\\OSPanel\\domains\\blog_6\\vendor\\laravel\\framework\\src\\Illuminate\\Pipeline\\Pipeline.php(171): Illuminate\\Foundation\\Http\\Middleware\\CheckForMaintenanceMode->handle(Object(Illuminate\\Http\\Request), Object(Closure))
#20 D:\\PROGRAMMING\\OSPanel\\domains\\blog_6\\vendor\\fideloper\\proxy\\src\\TrustProxies.php(57): Illuminate\\Pipeline\\Pipeline->Illuminate\\Pipeline\\{closure}(Object(Illuminate\\Http\\Request))
#21 D:\\PROGRAMMING\\OSPanel\\domains\\blog_6\\vendor\\laravel\\framework\\src\\Illuminate\\Pipeline\\Pipeline.php(171): Fideloper\\Proxy\\TrustProxies->handle(Object(Illuminate\\Http\\Request), Object(Closure))
#22 D:\\PROGRAMMING\\OSPanel\\domains\\blog_6\\vendor\\laravel\\framework\\src\\Illuminate\\Pipeline\\Pipeline.php(105): Illuminate\\Pipeline\\Pipeline->Illuminate\\Pipeline\\{closure}(Object(Illuminate\\Http\\Request))
#23 D:\\PROGRAMMING\\OSPanel\\domains\\blog_6\\vendor\\laravel\\framework\\src\\Illuminate\\Foundation\\Http\\Kernel.php(145): Illuminate\\Pipeline\\Pipeline->then(Object(Closure))
#24 D:\\PROGRAMMING\\OSPanel\\domains\\blog_6\\vendor\\laravel\\framework\\src\\Illuminate\\Foundation\\Http\\Kernel.php(110): Illuminate\\Foundation\\Http\\Kernel->sendRequestThroughRouter(Object(Illuminate\\Http\\Request))
#25 D:\\PROGRAMMING\\OSPanel\\domains\\blog_6\\public\\index.php(55): Illuminate\\Foundation\\Http\\Kernel->handle(Object(Illuminate\\Http\\Request))
#26 {main}
"} 
