[2020-08-12 16:16:38] local.ERROR: SQLSTATE[23000]: Integrity constraint violation: 1062 Duplicate entry 'kategorii-3' for key 'blog_categories_slug_unique' (SQL: update `blog_categories` set `slug` = kategorii-3, `description` = sdfdfsdf, `blog_categories`.`updated_at` = 2020-08-12 16:16:38 where `id` = 4) {"exception":"[object] (Illuminate\\Database\\QueryException(code: 23000): SQLSTATE[23000]: Integrity constraint violation: 1062 Duplicate entry 'kategorii-3' for key 'blog_categories_slug_unique' (SQL: update `blog_categories` set `slug` = kategorii-3, `description` = sdfdfsdf, `blog_categories`.`updated_at` = 2020-08-12 16:16:38 where `id` = 4) at D:\\PROGRAMMING\\OSPanel\\domains\\blog_6\\vendor\\laravel\\framework\\src\\Illuminate\\Database\\Connection.php:669)
[stacktrace]
#0 D:\\PROGRAMMING\\OSPanel\\domains\\blog_6\\vendor\\laravel\\framework\\src\\Illuminate\\Database\\Connection.php(629): Illuminate\\Database\\Connection->runQueryCallback('update `blog_ca...', Array, Object(Closure))
#1 D:\\PROGRAMMING\\OSPanel\\domains\\blog_6\\vendor\\laravel\\framework\\src\\Illuminate\\Database\\Connection.php(495): Illuminate\\Database\\Connection->run('update `blog_ca...', Array, Object(Closure))
#2 D:\\PROGRAMMING\\OSPanel\\domains\\blog_6\\vendor\\laravel\\framework\\src\\Illuminate\\Database\\Connection.php(428): Illuminate\\Database\\Connection->affectingStatement('update `blog_ca...', Array)
#3 D:\\PROGRAMMING\\OSPanel\\domains\\blog_6\\vendor\\laravel\\framework\\src\\Illuminate\\Database\\Query\\Builder.php(2726): Illuminate\\Database\\Connection->update('update `blog_ca...', Array)
#4 D:\\PROGRAMMING\\OSPanel\\domains\\blog_6\\vendor\\laravel\\framework\\src\\Illuminate\\Database\\Eloquent\\Builder.php(790): Illuminate\\Database\\Query\\Builder->update(Array)
#5 D:\\PROGRAMMING\\OSPanel\\domains\\blog_6\\vendor\\laravel\\framework\\src\\Illuminate\\Database\\Eloquent\\Model.php(746): Illuminate\\Database\\Eloquent\\Builder->update(Array)
#6 D:\\PROGRAMMING\\OSPanel\\domains\\blog_6\\vendor\\laravel\\framework\\src\\Illuminate\\Database\\Eloquent\\Model.php(661): Illuminate\\Database\\Eloquent\\Model->performUpdate(Object(Illuminate\\Database\\Eloquent\\Builder))
#7 D:\\PROGRAMMING\\OSPanel\\domains\\blog_6\\vendor\\laravel\\framework\\src\\Illuminate\\Database\\Eloquent\\Model.php(608): Illuminate\\Database\\Eloquent\\Model->save(Array)
#8 D:\\PROGRAMMING\\OSPanel\\domains\\blog_6\\app\\Http\\Controllers\\Blog\\Admin\\CategoryController.php(135): Illuminate\\Database\\Eloquent\\Model->update(Array)
#9 [internal function]: App\\Http\\Controllers\\Blog\\Admin\\CategoryController->update(Object(App\\Http\\Requests\\BlogCategoryUpdateRequest), '4')
#10 D:\\PROGRAMMING\\OSPanel\\domains\\blog_6\\vendor\\laravel\\framework\\src\\Illuminate\\Routing\\Controller.php(54): call_user_func_array(Array, Array)
#11 D:\\PROGRAMMING\\OSPanel\\domains\\blog_6\\vendor\\laravel\\framework\\src\\Illuminate\\Routing\\ControllerDispatcher.php(45): Illuminate\\Routing\\Controller->callAction('update', Array)
#12 D:\\PROGRAMMING\\OSPanel\\domains\\blog_6\\vendor\\laravel\\framework\\src\\Illuminate\\Routing\\Route.php(219): Illuminate\\Routing\\ControllerDispatcher->dispatch(Object(Illuminate\\Routing\\Route), Object(App\\Http\\Controllers\\Blog\\Admin\\CategoryController), 'update')
#13 D:\\PROGRAMMING\\OSPanel\\domains\\blog_6\\vendor\\laravel\\framework\\src\\Illuminate\\Routing\\Route.php(176): Illuminate\\Routing\\Route->runController()
#14 D:\\PROGRAMMING\\OSPanel\\domains\\blog_6\\vendor\\laravel\\framework\\src\\Illuminate\\Routing\\Router.php(681): Illuminate\\Routing\\Route->run()
#15 D:\\PROGRAMMING\\OSPanel\\domains\\blog_6\\vendor\\laravel\\framework\\src\\Illuminate\\Pipeline\\Pipeline.php(130): Illuminate\\Routing\\Router->Illuminate\\Routing\\{closure}(Object(Illuminate\\Http\\Request))
#16 D:\\PROGRAMMING\\OSPanel\\domains\\blog_6\\vendor\\laravel\\framework\\src\\Illuminate\\Routing\\Middleware\\SubstituteBindings.php(41): Illuminate\\Pipeline\\Pipeline->Illuminate\\Pipeline\\{closure}(Object(Illuminate\\Http\\Request))
#17 D:\\PROGRAMMING\\OSPanel\\domains\\blog_6\\vendor\\laravel\\framework\\src\\Illuminate\\Pipeline\\Pipeline.php(171): Illuminate\\Routing\\Middleware\\SubstituteBindings->handle(Object(Illuminate\\Http\\Request), Object(Closure))
#18 D:\\PROGRAMMING\\OSPanel\\domains\\blog_6\\vendor\\laravel\\framework\\src\\Illuminate\\Foundation\\Http\\Middleware\\VerifyCsrfToken.php(76): Illuminate\\Pipeline\\Pipeline->Illuminate\\Pipeline\\{closure}(Object(Illuminate\\Http\\Request))
#19 D:\\PROGRAMMING\\OSPanel\\domains\\blog_6\\vendor\\laravel\\framework\\src\\Illuminate\\Pipeline\\Pipeline.php(171): Illuminate\\Foundation\\Http\\Middleware\\VerifyCsrfToken->handle(Object(Illuminate\\Http\\Request), Object(Closure))
#20 D:\\PROGRAMMING\\OSPanel\\domains\\blog_6\\vendor\\laravel\\framework\\src\\Illuminate\\View\\Middleware\\ShareErrorsFromSession.php(49): Illuminate\\Pipeline\\Pipeline->Illuminate\\Pipeline\\{closure}(Object(Illuminate\\Http\\Request))
#21 D:\\PROGRAMMING\\OSPanel\\domains\\blog_6\\vendor\\laravel\\framework\\src\\Illuminate\\Pipeline\\Pipeline.php(171): Illuminate\\View\\Middleware\\ShareErrorsFromSession->handle(Object(Illuminate\\Http\\Request), Object(Closure))
#22 D:\\PROGRAMMING\\OSPanel\\domains\\blog_6\\vendor\\laravel\\framework\\src\\Illuminate\\Session\\Middleware\\StartSession.php(56): Illuminate\\Pipeline\\Pipeline->Illuminate\\Pipeline\\{closure}(Object(Illuminate\\Http\\Request))
#23 D:\\PROGRAMMING\\OSPanel\\domains\\blog_6\\vendor\\laravel\\framework\\src\\Illuminate\\Pipeline\\Pipeline.php(171): Illuminate\\Session\\Middleware\\StartSession->handle(Object(Illuminate\\Http\\Request), Object(Closure))
#24 D:\\PROGRAMMING\\OSPanel\\domains\\blog_6\\vendor\\laravel\\framework\\src\\Illuminate\\Cookie\\Middleware\\AddQueuedCookiesToResponse.php(37): Illuminate\\Pipeline\\Pipeline->Illuminate\\Pipeline\\{closure}(Object(Illuminate\\Http\\Request))
#25 D:\\PROGRAMMING\\OSPanel\\domains\\blog_6\\vendor\\laravel\\framework\\src\\Illuminate\\Pipeline\\Pipeline.php(171): Illuminate\\Cookie\\Middleware\\AddQueuedCookiesToResponse->handle(Object(Illuminate\\Http\\Request), Object(Closure))
#26 D:\\PROGRAMMING\\OSPanel\\domains\\blog_6\\vendor\\laravel\\framework\\src\\Illuminate\\Cookie\\Middleware\\EncryptCookies.php(66): Illuminate\\Pipeline\\Pipeline->Illuminate\\Pipeline\\{closure}(Object(Illuminate\\Http\\Request))
#27 D:\\PROGRAMMING\\OSPanel\\domains\\blog_6\\vendor\\laravel\\framework\\src\\Illuminate\\Pipeline\\Pipeline.php(171): Illuminate\\Cookie\\Middleware\\EncryptCookies->handle(Object(Illuminate\\Http\\Request), Object(Closure))
#28 D:\\PROGRAMMING\\OSPanel\\domains\\blog_6\\vendor\\laravel\\framework\\src\\Illuminate\\Pipeline\\Pipeline.php(105): Illuminate\\Pipeline\\Pipeline->Illuminate\\Pipeline\\{closure}(Object(Illuminate\\Http\\Request))
#29 D:\\PROGRAMMING\\OSPanel\\domains\\blog_6\\vendor\\laravel\\framework\\src\\Illuminate\\Routing\\Router.php(683): Illuminate\\Pipeline\\Pipeline->then(Object(Closure))
#30 D:\\PROGRAMMING\\OSPanel\\domains\\blog_6\\vendor\\laravel\\framework\\src\\Illuminate\\Routing\\Router.php(658): Illuminate\\Routing\\Router->runRouteWithinStack(Object(Illuminate\\Routing\\Route), Object(Illuminate\\Http\\Request))
#31 D:\\PROGRAMMING\\OSPanel\\domains\\blog_6\\vendor\\laravel\\framework\\src\\Illuminate\\Routing\\Router.php(624): Illuminate\\Routing\\Router->runRoute(Object(Illuminate\\Http\\Request), Object(Illuminate\\Routing\\Route))
#32 D:\\PROGRAMMING\\OSPanel\\domains\\blog_6\\vendor\\laravel\\framework\\src\\Illuminate\\Routing\\Router.php(613): Illuminate\\Routing\\Router->dispatchToRoute(Object(Illuminate\\Http\\Request))
#33 D:\\PROGRAMMING\\OSPanel\\domains\\blog_6\\vendor\\laravel\\framework\\src\\Illuminate\\Foundation\\Http\\Kernel.php(170): Illuminate\\Routing\\Router->dispatch(Object(Illuminate\\Http\\Request))
#34 D:\\PROGRAMMING\\OSPanel\\domains\\blog_6\\vendor\\laravel\\framework\\src\\Illuminate\\Pipeline\\Pipeline.php(130): Illuminate\\Foundation\\Http\\Kernel->Illuminate\\Foundation\\Http\\{closure}(Object(Illuminate\\Http\\Request))
#35 D:\\PROGRAMMING\\OSPanel\\domains\\blog_6\\vendor\\barryvdh\\laravel-debugbar\\src\\Middleware\\InjectDebugbar.php(65): Illuminate\\Pipeline\\Pipeline->Illuminate\\Pipeline\\{closure}(Object(Illuminate\\Http\\Request))
#36 D:\\PROGRAMMING\\OSPanel\\domains\\blog_6\\vendor\\laravel\\framework\\src\\Illuminate\\Pipeline\\Pipeline.php(171): Barryvdh\\Debugbar\\Middleware\\InjectDebugbar->handle(Object(Illuminate\\Http\\Request), Object(Closure))
#37 D:\\PROGRAMMING\\OSPanel\\domains\\blog_6\\vendor\\laravel\\framework\\src\\Illuminate\\Foundation\\Http\\Middleware\\TransformsRequest.php(21): Illuminate\\Pipeline\\Pipeline->Illuminate\\Pipeline\\{closure}(Object(Illuminate\\Http\\Request))
#38 D:\\PROGRAMMING\\OSPanel\\domains\\blog_6\\vendor\\laravel\\framework\\src\\Illuminate\\Pipeline\\Pipeline.php(171): Illuminate\\Foundation\\Http\\Middleware\\TransformsRequest->handle(Object(Illuminate\\Http\\Request), Object(Closure))
#39 D:\\PROGRAMMING\\OSPanel\\domains\\blog_6\\vendor\\laravel\\framework\\src\\Illuminate\\Foundation\\Http\\Middleware\\TransformsRequest.php(21): Illuminate\\Pipeline\\Pipeline->Illuminate\\Pipeline\\{closure}(Object(Illuminate\\Http\\Request))
#40 D:\\PROGRAMMING\\OSPanel\\domains\\blog_6\\vendor\\laravel\\framework\\src\\Illuminate\\Pipeline\\Pipeline.php(171): Illuminate\\Foundation\\Http\\Middleware\\TransformsRequest->handle(Object(Illuminate\\Http\\Request), Object(Closure))
#41 D:\\PROGRAMMING\\OSPanel\\domains\\blog_6\\vendor\\laravel\\framework\\src\\Illuminate\\Foundation\\Http\\Middleware\\ValidatePostSize.php(27): Illuminate\\Pipeline\\Pipeline->Illuminate\\Pipeline\\{closure}(Object(Illuminate\\Http\\Request))
#42 D:\\PROGRAMMING\\OSPanel\\domains\\blog_6\\vendor\\laravel\\framework\\src\\Illuminate\\Pipeline\\Pipeline.php(171): Illuminate\\Foundation\\Http\\Middleware\\ValidatePostSize->handle(Object(Illuminate\\Http\\Request), Object(Closure))
#43 D:\\PROGRAMMING\\OSPanel\\domains\\blog_6\\vendor\\laravel\\framework\\src\\Illuminate\\Foundation\\Http\\Middleware\\CheckForMaintenanceMode.php(63): Illuminate\\Pipeline\\Pipeline->Illuminate\\Pipeline\\{closure}(Object(Illuminate\\Http\\Request))
#44 D:\\PROGRAMMING\\OSPanel\\domains\\blog_6\\vendor\\laravel\\framework\\src\\Illuminate\\Pipeline\\Pipeline.php(171): Illuminate\\Foundation\\Http\\Middleware\\CheckForMaintenanceMode->handle(Object(Illuminate\\Http\\Request), Object(Closure))
#45 D:\\PROGRAMMING\\OSPanel\\domains\\blog_6\\vendor\\fideloper\\proxy\\src\\TrustProxies.php(57): Illuminate\\Pipeline\\Pipeline->Illuminate\\Pipeline\\{closure}(Object(Illuminate\\Http\\Request))
#46 D:\\PROGRAMMING\\OSPanel\\domains\\blog_6\\vendor\\laravel\\framework\\src\\Illuminate\\Pipeline\\Pipeline.php(171): Fideloper\\Proxy\\TrustProxies->handle(Object(Illuminate\\Http\\Request), Object(Closure))
#47 D:\\PROGRAMMING\\OSPanel\\domains\\blog_6\\vendor\\laravel\\framework\\src\\Illuminate\\Pipeline\\Pipeline.php(105): Illuminate\\Pipeline\\Pipeline->Illuminate\\Pipeline\\{closure}(Object(Illuminate\\Http\\Request))
#48 D:\\PROGRAMMING\\OSPanel\\domains\\blog_6\\vendor\\laravel\\framework\\src\\Illuminate\\Foundation\\Http\\Kernel.php(145): Illuminate\\Pipeline\\Pipeline->then(Object(Closure))
#49 D:\\PROGRAMMING\\OSPanel\\domains\\blog_6\\vendor\\laravel\\framework\\src\\Illuminate\\Foundation\\Http\\Kernel.php(110): Illuminate\\Foundation\\Http\\Kernel->sendRequestThroughRouter(Object(Illuminate\\Http\\Request))
#50 D:\\PROGRAMMING\\OSPanel\\domains\\blog_6\\public\\index.php(55): Illuminate\\Foundation\\Http\\Kernel->handle(Object(Illuminate\\Http\\Request))
#51 {main}

[previous exception] [object] (Doctrine\\DBAL\\Driver\\PDOException(code: 23000): SQLSTATE[23000]: Integrity constraint violation: 1062 Duplicate entry 'kategorii-3' for key 'blog_categories_slug_unique' at D:\\PROGRAMMING\\OSPanel\\domains\\blog_6\\vendor\\doctrine\\dbal\\lib\\Doctrine\\DBAL\\Driver\\PDOStatement.php:129)
[stacktrace]
#0 D:\\PROGRAMMING\\OSPanel\\domains\\blog_6\\vendor\\laravel\\framework\\src\\Illuminate\\Database\\Connection.php(488): Doctrine\\DBAL\\Driver\\PDOStatement->execute()
#1 D:\\PROGRAMMING\\OSPanel\\domains\\blog_6\\vendor\\laravel\\framework\\src\\Illuminate\\Database\\Connection.php(662): Illuminate\\Database\\Connection->Illuminate\\Database\\{closure}('update `blog_ca...', Array)
#2 D:\\PROGRAMMING\\OSPanel\\domains\\blog_6\\vendor\\laravel\\framework\\src\\Illuminate\\Database\\Connection.php(629): Illuminate\\Database\\Connection->runQueryCallback('update `blog_ca...', Array, Object(Closure))
#3 D:\\PROGRAMMING\\OSPanel\\domains\\blog_6\\vendor\\laravel\\framework\\src\\Illuminate\\Database\\Connection.php(495): Illuminate\\Database\\Connection->run('update `blog_ca...', Array, Object(Closure))
#4 D:\\PROGRAMMING\\OSPanel\\domains\\blog_6\\vendor\\laravel\\framework\\src\\Illuminate\\Database\\Connection.php(428): Illuminate\\Database\\Connection->affectingStatement('update `blog_ca...', Array)
#5 D:\\PROGRAMMING\\OSPanel\\domains\\blog_6\\vendor\\laravel\\framework\\src\\Illuminate\\Database\\Query\\Builder.php(2726): Illuminate\\Database\\Connection->update('update `blog_ca...', Array)
#6 D:\\PROGRAMMING\\OSPanel\\domains\\blog_6\\vendor\\laravel\\framework\\src\\Illuminate\\Database\\Eloquent\\Builder.php(790): Illuminate\\Database\\Query\\Builder->update(Array)
#7 D:\\PROGRAMMING\\OSPanel\\domains\\blog_6\\vendor\\laravel\\framework\\src\\Illuminate\\Database\\Eloquent\\Model.php(746): Illuminate\\Database\\Eloquent\\Builder->update(Array)
#8 D:\\PROGRAMMING\\OSPanel\\domains\\blog_6\\vendor\\laravel\\framework\\src\\Illuminate\\Database\\Eloquent\\Model.php(661): Illuminate\\Database\\Eloquent\\Model->performUpdate(Object(Illuminate\\Database\\Eloquent\\Builder))
#9 D:\\PROGRAMMING\\OSPanel\\domains\\blog_6\\vendor\\laravel\\framework\\src\\Illuminate\\Database\\Eloquent\\Model.php(608): Illuminate\\Database\\Eloquent\\Model->save(Array)
#10 D:\\PROGRAMMING\\OSPanel\\domains\\blog_6\\app\\Http\\Controllers\\Blog\\Admin\\CategoryController.php(135): Illuminate\\Database\\Eloquent\\Model->update(Array)
#11 [internal function]: App\\Http\\Controllers\\Blog\\Admin\\CategoryController->update(Object(App\\Http\\Requests\\BlogCategoryUpdateRequest), '4')
#12 D:\\PROGRAMMING\\OSPanel\\domains\\blog_6\\vendor\\laravel\\framework\\src\\Illuminate\\Routing\\Controller.php(54): call_user_func_array(Array, Array)
#13 D:\\PROGRAMMING\\OSPanel\\domains\\blog_6\\vendor\\laravel\\framework\\src\\Illuminate\\Routing\\ControllerDispatcher.php(45): Illuminate\\Routing\\Controller->callAction('update', Array)
#14 D:\\PROGRAMMING\\OSPanel\\domains\\blog_6\\vendor\\laravel\\framework\\src\\Illuminate\\Routing\\Route.php(219): Illuminate\\Routing\\ControllerDispatcher->dispatch(Object(Illuminate\\Routing\\Route), Object(App\\Http\\Controllers\\Blog\\Admin\\CategoryController), 'update')
#15 D:\\PROGRAMMING\\OSPanel\\domains\\blog_6\\vendor\\laravel\\framework\\src\\Illuminate\\Routing\\Route.php(176): Illuminate\\Routing\\Route->runController()
#16 D:\\PROGRAMMING\\OSPanel\\domains\\blog_6\\vendor\\laravel\\framework\\src\\Illuminate\\Routing\\Router.php(681): Illuminate\\Routing\\Route->run()
#17 D:\\PROGRAMMING\\OSPanel\\domains\\blog_6\\vendor\\laravel\\framework\\src\\Illuminate\\Pipeline\\Pipeline.php(130): Illuminate\\Routing\\Router->Illuminate\\Routing\\{closure}(Object(Illuminate\\Http\\Request))
#18 D:\\PROGRAMMING\\OSPanel\\domains\\blog_6\\vendor\\laravel\\framework\\src\\Illuminate\\Routing\\Middleware\\SubstituteBindings.php(41): Illuminate\\Pipeline\\Pipeline->Illuminate\\Pipeline\\{closure}(Object(Illuminate\\Http\\Request))
#19 D:\\PROGRAMMING\\OSPanel\\domains\\blog_6\\vendor\\laravel\\framework\\src\\Illuminate\\Pipeline\\Pipeline.php(171): Illuminate\\Routing\\Middleware\\SubstituteBindings->handle(Object(Illuminate\\Http\\Request), Object(Closure))
#20 D:\\PROGRAMMING\\OSPanel\\domains\\blog_6\\vendor\\laravel\\framework\\src\\Illuminate\\Foundation\\Http\\Middleware\\VerifyCsrfToken.php(76): Illuminate\\Pipeline\\Pipeline->Illuminate\\Pipeline\\{closure}(Object(Illuminate\\Http\\Request))
#21 D:\\PROGRAMMING\\OSPanel\\domains\\blog_6\\vendor\\laravel\\framework\\src\\Illuminate\\Pipeline\\Pipeline.php(171): Illuminate\\Foundation\\Http\\Middleware\\VerifyCsrfToken->handle(Object(Illuminate\\Http\\Request), Object(Closure))
#22 D:\\PROGRAMMING\\OSPanel\\domains\\blog_6\\vendor\\laravel\\framework\\src\\Illuminate\\View\\Middleware\\ShareErrorsFromSession.php(49): Illuminate\\Pipeline\\Pipeline->Illuminate\\Pipeline\\{closure}(Object(Illuminate\\Http\\Request))
#23 D:\\PROGRAMMING\\OSPanel\\domains\\blog_6\\vendor\\laravel\\framework\\src\\Illuminate\\Pipeline\\Pipeline.php(171): Illuminate\\View\\Middleware\\ShareErrorsFromSession->handle(Object(Illuminate\\Http\\Request), Object(Closure))
#24 D:\\PROGRAMMING\\OSPanel\\domains\\blog_6\\vendor\\laravel\\framework\\src\\Illuminate\\Session\\Middleware\\StartSession.php(56): Illuminate\\Pipeline\\Pipeline->Illuminate\\Pipeline\\{closure}(Object(Illuminate\\Http\\Request))
#25 D:\\PROGRAMMING\\OSPanel\\domains\\blog_6\\vendor\\laravel\\framework\\src\\Illuminate\\Pipeline\\Pipeline.php(171): Illuminate\\Session\\Middleware\\StartSession->handle(Object(Illuminate\\Http\\Request), Object(Closure))
#26 D:\\PROGRAMMING\\OSPanel\\domains\\blog_6\\vendor\\laravel\\framework\\src\\Illuminate\\Cookie\\Middleware\\AddQueuedCookiesToResponse.php(37): Illuminate\\Pipeline\\Pipeline->Illuminate\\Pipeline\\{closure}(Object(Illuminate\\Http\\Request))
#27 D:\\PROGRAMMING\\OSPanel\\domains\\blog_6\\vendor\\laravel\\framework\\src\\Illuminate\\Pipeline\\Pipeline.php(171): Illuminate\\Cookie\\Middleware\\AddQueuedCookiesToResponse->handle(Object(Illuminate\\Http\\Request), Object(Closure))
#28 D:\\PROGRAMMING\\OSPanel\\domains\\blog_6\\vendor\\laravel\\framework\\src\\Illuminate\\Cookie\\Middleware\\EncryptCookies.php(66): Illuminate\\Pipeline\\Pipeline->Illuminate\\Pipeline\\{closure}(Object(Illuminate\\Http\\Request))
#29 D:\\PROGRAMMING\\OSPanel\\domains\\blog_6\\vendor\\laravel\\framework\\src\\Illuminate\\Pipeline\\Pipeline.php(171): Illuminate\\Cookie\\Middleware\\EncryptCookies->handle(Object(Illuminate\\Http\\Request), Object(Closure))
#30 D:\\PROGRAMMING\\OSPanel\\domains\\blog_6\\vendor\\laravel\\framework\\src\\Illuminate\\Pipeline\\Pipeline.php(105): Illuminate\\Pipeline\\Pipeline->Illuminate\\Pipeline\\{closure}(Object(Illuminate\\Http\\Request))
#31 D:\\PROGRAMMING\\OSPanel\\domains\\blog_6\\vendor\\laravel\\framework\\src\\Illuminate\\Routing\\Router.php(683): Illuminate\\Pipeline\\Pipeline->then(Object(Closure))
#32 D:\\PROGRAMMING\\OSPanel\\domains\\blog_6\\vendor\\laravel\\framework\\src\\Illuminate\\Routing\\Router.php(658): Illuminate\\Routing\\Router->runRouteWithinStack(Object(Illuminate\\Routing\\Route), Object(Illuminate\\Http\\Request))
#33 D:\\PROGRAMMING\\OSPanel\\domains\\blog_6\\vendor\\laravel\\framework\\src\\Illuminate\\Routing\\Router.php(624): Illuminate\\Routing\\Router->runRoute(Object(Illuminate\\Http\\Request), Object(Illuminate\\Routing\\Route))
#34 D:\\PROGRAMMING\\OSPanel\\domains\\blog_6\\vendor\\laravel\\framework\\src\\Illuminate\\Routing\\Router.php(613): Illuminate\\Routing\\Router->dispatchToRoute(Object(Illuminate\\Http\\Request))
#35 D:\\PROGRAMMING\\OSPanel\\domains\\blog_6\\vendor\\laravel\\framework\\src\\Illuminate\\Foundation\\Http\\Kernel.php(170): Illuminate\\Routing\\Router->dispatch(Object(Illuminate\\Http\\Request))
#36 D:\\PROGRAMMING\\OSPanel\\domains\\blog_6\\vendor\\laravel\\framework\\src\\Illuminate\\Pipeline\\Pipeline.php(130): Illuminate\\Foundation\\Http\\Kernel->Illuminate\\Foundation\\Http\\{closure}(Object(Illuminate\\Http\\Request))
#37 D:\\PROGRAMMING\\OSPanel\\domains\\blog_6\\vendor\\barryvdh\\laravel-debugbar\\src\\Middleware\\InjectDebugbar.php(65): Illuminate\\Pipeline\\Pipeline->Illuminate\\Pipeline\\{closure}(Object(Illuminate\\Http\\Request))
#38 D:\\PROGRAMMING\\OSPanel\\domains\\blog_6\\vendor\\laravel\\framework\\src\\Illuminate\\Pipeline\\Pipeline.php(171): Barryvdh\\Debugbar\\Middleware\\InjectDebugbar->handle(Object(Illuminate\\Http\\Request), Object(Closure))
#39 D:\\PROGRAMMING\\OSPanel\\domains\\blog_6\\vendor\\laravel\\framework\\src\\Illuminate\\Foundation\\Http\\Middleware\\TransformsRequest.php(21): Illuminate\\Pipeline\\Pipeline->Illuminate\\Pipeline\\{closure}(Object(Illuminate\\Http\\Request))
#40 D:\\PROGRAMMING\\OSPanel\\domains\\blog_6\\vendor\\laravel\\framework\\src\\Illuminate\\Pipeline\\Pipeline.php(171): Illuminate\\Foundation\\Http\\Middleware\\TransformsRequest->handle(Object(Illuminate\\Http\\Request), Object(Closure))
#41 D:\\PROGRAMMING\\OSPanel\\domains\\blog_6\\vendor\\laravel\\framework\\src\\Illuminate\\Foundation\\Http\\Middleware\\TransformsRequest.php(21): Illuminate\\Pipeline\\Pipeline->Illuminate\\Pipeline\\{closure}(Object(Illuminate\\Http\\Request))
#42 D:\\PROGRAMMING\\OSPanel\\domains\\blog_6\\vendor\\laravel\\framework\\src\\Illuminate\\Pipeline\\Pipeline.php(171): Illuminate\\Foundation\\Http\\Middleware\\TransformsRequest->handle(Object(Illuminate\\Http\\Request), Object(Closure))
#43 D:\\PROGRAMMING\\OSPanel\\domains\\blog_6\\vendor\\laravel\\framework\\src\\Illuminate\\Foundation\\Http\\Middleware\\ValidatePostSize.php(27): Illuminate\\Pipeline\\Pipeline->Illuminate\\Pipeline\\{closure}(Object(Illuminate\\Http\\Request))
#44 D:\\PROGRAMMING\\OSPanel\\domains\\blog_6\\vendor\\laravel\\framework\\src\\Illuminate\\Pipeline\\Pipeline.php(171): Illuminate\\Foundation\\Http\\Middleware\\ValidatePostSize->handle(Object(Illuminate\\Http\\Request), Object(Closure))
#45 D:\\PROGRAMMING\\OSPanel\\domains\\blog_6\\vendor\\laravel\\framework\\src\\Illuminate\\Foundation\\Http\\Middleware\\CheckForMaintenanceMode.php(63): Illuminate\\Pipeline\\Pipeline->Illuminate\\Pipeline\\{closure}(Object(Illuminate\\Http\\Request))
#46 D:\\PROGRAMMING\\OSPanel\\domains\\blog_6\\vendor\\laravel\\framework\\src\\Illuminate\\Pipeline\\Pipeline.php(171): Illuminate\\Foundation\\Http\\Middleware\\CheckForMaintenanceMode->handle(Object(Illuminate\\Http\\Request), Object(Closure))
#47 D:\\PROGRAMMING\\OSPanel\\domains\\blog_6\\vendor\\fideloper\\proxy\\src\\TrustProxies.php(57): Illuminate\\Pipeline\\Pipeline->Illuminate\\Pipeline\\{closure}(Object(Illuminate\\Http\\Request))
#48 D:\\PROGRAMMING\\OSPanel\\domains\\blog_6\\vendor\\laravel\\framework\\src\\Illuminate\\Pipeline\\Pipeline.php(171): Fideloper\\Proxy\\TrustProxies->handle(Object(Illuminate\\Http\\Request), Object(Closure))
#49 D:\\PROGRAMMING\\OSPanel\\domains\\blog_6\\vendor\\laravel\\framework\\src\\Illuminate\\Pipeline\\Pipeline.php(105): Illuminate\\Pipeline\\Pipeline->Illuminate\\Pipeline\\{closure}(Object(Illuminate\\Http\\Request))
#50 D:\\PROGRAMMING\\OSPanel\\domains\\blog_6\\vendor\\laravel\\framework\\src\\Illuminate\\Foundation\\Http\\Kernel.php(145): Illuminate\\Pipeline\\Pipeline->then(Object(Closure))
#51 D:\\PROGRAMMING\\OSPanel\\domains\\blog_6\\vendor\\laravel\\framework\\src\\Illuminate\\Foundation\\Http\\Kernel.php(110): Illuminate\\Foundation\\Http\\Kernel->sendRequestThroughRouter(Object(Illuminate\\Http\\Request))
#52 D:\\PROGRAMMING\\OSPanel\\domains\\blog_6\\public\\index.php(55): Illuminate\\Foundation\\Http\\Kernel->handle(Object(Illuminate\\Http\\Request))
#53 {main}

[previous exception] [object] (PDOException(code: 23000): SQLSTATE[23000]: Integrity constraint violation: 1062 Duplicate entry 'kategorii-3' for key 'blog_categories_slug_unique' at D:\\PROGRAMMING\\OSPanel\\domains\\blog_6\\vendor\\doctrine\\dbal\\lib\\Doctrine\\DBAL\\Driver\\PDOStatement.php:127)
[stacktrace]
#0 D:\\PROGRAMMING\\OSPanel\\domains\\blog_6\\vendor\\doctrine\\dbal\\lib\\Doctrine\\DBAL\\Driver\\PDOStatement.php(127): PDOStatement->execute(NULL)
#1 D:\\PROGRAMMING\\OSPanel\\domains\\blog_6\\vendor\\laravel\\framework\\src\\Illuminate\\Database\\Connection.php(488): Doctrine\\DBAL\\Driver\\PDOStatement->execute()
#2 D:\\PROGRAMMING\\OSPanel\\domains\\blog_6\\vendor\\laravel\\framework\\src\\Illuminate\\Database\\Connection.php(662): Illuminate\\Database\\Connection->Illuminate\\Database\\{closure}('update `blog_ca...', Array)
#3 D:\\PROGRAMMING\\OSPanel\\domains\\blog_6\\vendor\\laravel\\framework\\src\\Illuminate\\Database\\Connection.php(629): Illuminate\\Database\\Connection->runQueryCallback('update `blog_ca...', Array, Object(Closure))
#4 D:\\PROGRAMMING\\OSPanel\\domains\\blog_6\\vendor\\laravel\\framework\\src\\Illuminate\\Database\\Connection.php(495): Illuminate\\Database\\Connection->run('update `blog_ca...', Array, Object(Closure))
#5 D:\\PROGRAMMING\\OSPanel\\domains\\blog_6\\vendor\\laravel\\framework\\src\\Illuminate\\Database\\Connection.php(428): Illuminate\\Database\\Connection->affectingStatement('update `blog_ca...', Array)
#6 D:\\PROGRAMMING\\OSPanel\\domains\\blog_6\\vendor\\laravel\\framework\\src\\Illuminate\\Database\\Query\\Builder.php(2726): Illuminate\\Database\\Connection->update('update `blog_ca...', Array)
#7 D:\\PROGRAMMING\\OSPanel\\domains\\blog_6\\vendor\\laravel\\framework\\src\\Illuminate\\Database\\Eloquent\\Builder.php(790): Illuminate\\Database\\Query\\Builder->update(Array)
#8 D:\\PROGRAMMING\\OSPanel\\domains\\blog_6\\vendor\\laravel\\framework\\src\\Illuminate\\Database\\Eloquent\\Model.php(746): Illuminate\\Database\\Eloquent\\Builder->update(Array)
#9 D:\\PROGRAMMING\\OSPanel\\domains\\blog_6\\vendor\\laravel\\framework\\src\\Illuminate\\Database\\Eloquent\\Model.php(661): Illuminate\\Database\\Eloquent\\Model->performUpdate(Object(Illuminate\\Database\\Eloquent\\Builder))
#10 D:\\PROGRAMMING\\OSPanel\\domains\\blog_6\\vendor\\laravel\\framework\\src\\Illuminate\\Database\\Eloquent\\Model.php(608): Illuminate\\Database\\Eloquent\\Model->save(Array)
#11 D:\\PROGRAMMING\\OSPanel\\domains\\blog_6\\app\\Http\\Controllers\\Blog\\Admin\\CategoryController.php(135): Illuminate\\Database\\Eloquent\\Model->update(Array)
#12 [internal function]: App\\Http\\Controllers\\Blog\\Admin\\CategoryController->update(Object(App\\Http\\Requests\\BlogCategoryUpdateRequest), '4')
#13 D:\\PROGRAMMING\\OSPanel\\domains\\blog_6\\vendor\\laravel\\framework\\src\\Illuminate\\Routing\\Controller.php(54): call_user_func_array(Array, Array)
#14 D:\\PROGRAMMING\\OSPanel\\domains\\blog_6\\vendor\\laravel\\framework\\src\\Illuminate\\Routing\\ControllerDispatcher.php(45): Illuminate\\Routing\\Controller->callAction('update', Array)
#15 D:\\PROGRAMMING\\OSPanel\\domains\\blog_6\\vendor\\laravel\\framework\\src\\Illuminate\\Routing\\Route.php(219): Illuminate\\Routing\\ControllerDispatcher->dispatch(Object(Illuminate\\Routing\\Route), Object(App\\Http\\Controllers\\Blog\\Admin\\CategoryController), 'update')
#16 D:\\PROGRAMMING\\OSPanel\\domains\\blog_6\\vendor\\laravel\\framework\\src\\Illuminate\\Routing\\Route.php(176): Illuminate\\Routing\\Route->runController()
#17 D:\\PROGRAMMING\\OSPanel\\domains\\blog_6\\vendor\\laravel\\framework\\src\\Illuminate\\Routing\\Router.php(681): Illuminate\\Routing\\Route->run()
#18 D:\\PROGRAMMING\\OSPanel\\domains\\blog_6\\vendor\\laravel\\framework\\src\\Illuminate\\Pipeline\\Pipeline.php(130): Illuminate\\Routing\\Router->Illuminate\\Routing\\{closure}(Object(Illuminate\\Http\\Request))
#19 D:\\PROGRAMMING\\OSPanel\\domains\\blog_6\\vendor\\laravel\\framework\\src\\Illuminate\\Routing\\Middleware\\SubstituteBindings.php(41): Illuminate\\Pipeline\\Pipeline->Illuminate\\Pipeline\\{closure}(Object(Illuminate\\Http\\Request))
#20 D:\\PROGRAMMING\\OSPanel\\domains\\blog_6\\vendor\\laravel\\framework\\src\\Illuminate\\Pipeline\\Pipeline.php(171): Illuminate\\Routing\\Middleware\\SubstituteBindings->handle(Object(Illuminate\\Http\\Request), Object(Closure))
#21 D:\\PROGRAMMING\\OSPanel\\domains\\blog_6\\vendor\\laravel\\framework\\src\\Illuminate\\Foundation\\Http\\Middleware\\VerifyCsrfToken.php(76): Illuminate\\Pipeline\\Pipeline->Illuminate\\Pipeline\\{closure}(Object(Illuminate\\Http\\Request))
#22 D:\\PROGRAMMING\\OSPanel\\domains\\blog_6\\vendor\\laravel\\framework\\src\\Illuminate\\Pipeline\\Pipeline.php(171): Illuminate\\Foundation\\Http\\Middleware\\VerifyCsrfToken->handle(Object(Illuminate\\Http\\Request), Object(Closure))
#23 D:\\PROGRAMMING\\OSPanel\\domains\\blog_6\\vendor\\laravel\\framework\\src\\Illuminate\\View\\Middleware\\ShareErrorsFromSession.php(49): Illuminate\\Pipeline\\Pipeline->Illuminate\\Pipeline\\{closure}(Object(Illuminate\\Http\\Request))
#24 D:\\PROGRAMMING\\OSPanel\\domains\\blog_6\\vendor\\laravel\\framework\\src\\Illuminate\\Pipeline\\Pipeline.php(171): Illuminate\\View\\Middleware\\ShareErrorsFromSession->handle(Object(Illuminate\\Http\\Request), Object(Closure))
#25 D:\\PROGRAMMING\\OSPanel\\domains\\blog_6\\vendor\\laravel\\framework\\src\\Illuminate\\Session\\Middleware\\StartSession.php(56): Illuminate\\Pipeline\\Pipeline->Illuminate\\Pipeline\\{closure}(Object(Illuminate\\Http\\Request))
#26 D:\\PROGRAMMING\\OSPanel\\domains\\blog_6\\vendor\\laravel\\framework\\src\\Illuminate\\Pipeline\\Pipeline.php(171): Illuminate\\Session\\Middleware\\StartSession->handle(Object(Illuminate\\Http\\Request), Object(Closure))
#27 D:\\PROGRAMMING\\OSPanel\\domains\\blog_6\\vendor\\laravel\\framework\\src\\Illuminate\\Cookie\\Middleware\\AddQueuedCookiesToResponse.php(37): Illuminate\\Pipeline\\Pipeline->Illuminate\\Pipeline\\{closure}(Object(Illuminate\\Http\\Request))
#28 D:\\PROGRAMMING\\OSPanel\\domains\\blog_6\\vendor\\laravel\\framework\\src\\Illuminate\\Pipeline\\Pipeline.php(171): Illuminate\\Cookie\\Middleware\\AddQueuedCookiesToResponse->handle(Object(Illuminate\\Http\\Request), Object(Closure))
#29 D:\\PROGRAMMING\\OSPanel\\domains\\blog_6\\vendor\\laravel\\framework\\src\\Illuminate\\Cookie\\Middleware\\EncryptCookies.php(66): Illuminate\\Pipeline\\Pipeline->Illuminate\\Pipeline\\{closure}(Object(Illuminate\\Http\\Request))
#30 D:\\PROGRAMMING\\OSPanel\\domains\\blog_6\\vendor\\laravel\\framework\\src\\Illuminate\\Pipeline\\Pipeline.php(171): Illuminate\\Cookie\\Middleware\\EncryptCookies->handle(Object(Illuminate\\Http\\Request), Object(Closure))
#31 D:\\PROGRAMMING\\OSPanel\\domains\\blog_6\\vendor\\laravel\\framework\\src\\Illuminate\\Pipeline\\Pipeline.php(105): Illuminate\\Pipeline\\Pipeline->Illuminate\\Pipeline\\{closure}(Object(Illuminate\\Http\\Request))
#32 D:\\PROGRAMMING\\OSPanel\\domains\\blog_6\\vendor\\laravel\\framework\\src\\Illuminate\\Routing\\Router.php(683): Illuminate\\Pipeline\\Pipeline->then(Object(Closure))
#33 D:\\PROGRAMMING\\OSPanel\\domains\\blog_6\\vendor\\laravel\\framework\\src\\Illuminate\\Routing\\Router.php(658): Illuminate\\Routing\\Router->runRouteWithinStack(Object(Illuminate\\Routing\\Route), Object(Illuminate\\Http\\Request))
#34 D:\\PROGRAMMING\\OSPanel\\domains\\blog_6\\vendor\\laravel\\framework\\src\\Illuminate\\Routing\\Router.php(624): Illuminate\\Routing\\Router->runRoute(Object(Illuminate\\Http\\Request), Object(Illuminate\\Routing\\Route))
#35 D:\\PROGRAMMING\\OSPanel\\domains\\blog_6\\vendor\\laravel\\framework\\src\\Illuminate\\Routing\\Router.php(613): Illuminate\\Routing\\Router->dispatchToRoute(Object(Illuminate\\Http\\Request))
#36 D:\\PROGRAMMING\\OSPanel\\domains\\blog_6\\vendor\\laravel\\framework\\src\\Illuminate\\Foundation\\Http\\Kernel.php(170): Illuminate\\Routing\\Router->dispatch(Object(Illuminate\\Http\\Request))
#37 D:\\PROGRAMMING\\OSPanel\\domains\\blog_6\\vendor\\laravel\\framework\\src\\Illuminate\\Pipeline\\Pipeline.php(130): Illuminate\\Foundation\\Http\\Kernel->Illuminate\\Foundation\\Http\\{closure}(Object(Illuminate\\Http\\Request))
#38 D:\\PROGRAMMING\\OSPanel\\domains\\blog_6\\vendor\\barryvdh\\laravel-debugbar\\src\\Middleware\\InjectDebugbar.php(65): Illuminate\\Pipeline\\Pipeline->Illuminate\\Pipeline\\{closure}(Object(Illuminate\\Http\\Request))
#39 D:\\PROGRAMMING\\OSPanel\\domains\\blog_6\\vendor\\laravel\\framework\\src\\Illuminate\\Pipeline\\Pipeline.php(171): Barryvdh\\Debugbar\\Middleware\\InjectDebugbar->handle(Object(Illuminate\\Http\\Request), Object(Closure))
#40 D:\\PROGRAMMING\\OSPanel\\domains\\blog_6\\vendor\\laravel\\framework\\src\\Illuminate\\Foundation\\Http\\Middleware\\TransformsRequest.php(21): Illuminate\\Pipeline\\Pipeline->Illuminate\\Pipeline\\{closure}(Object(Illuminate\\Http\\Request))
#41 D:\\PROGRAMMING\\OSPanel\\domains\\blog_6\\vendor\\laravel\\framework\\src\\Illuminate\\Pipeline\\Pipeline.php(171): Illuminate\\Foundation\\Http\\Middleware\\TransformsRequest->handle(Object(Illuminate\\Http\\Request), Object(Closure))
#42 D:\\PROGRAMMING\\OSPanel\\domains\\blog_6\\vendor\\laravel\\framework\\src\\Illuminate\\Foundation\\Http\\Middleware\\TransformsRequest.php(21): Illuminate\\Pipeline\\Pipeline->Illuminate\\Pipeline\\{closure}(Object(Illuminate\\Http\\Request))
#43 D:\\PROGRAMMING\\OSPanel\\domains\\blog_6\\vendor\\laravel\\framework\\src\\Illuminate\\Pipeline\\Pipeline.php(171): Illuminate\\Foundation\\Http\\Middleware\\TransformsRequest->handle(Object(Illuminate\\Http\\Request), Object(Closure))
#44 D:\\PROGRAMMING\\OSPanel\\domains\\blog_6\\vendor\\laravel\\framework\\src\\Illuminate\\Foundation\\Http\\Middleware\\ValidatePostSize.php(27): Illuminate\\Pipeline\\Pipeline->Illuminate\\Pipeline\\{closure}(Object(Illuminate\\Http\\Request))
#45 D:\\PROGRAMMING\\OSPanel\\domains\\blog_6\\vendor\\laravel\\framework\\src\\Illuminate\\Pipeline\\Pipeline.php(171): Illuminate\\Foundation\\Http\\Middleware\\ValidatePostSize->handle(Object(Illuminate\\Http\\Request), Object(Closure))
#46 D:\\PROGRAMMING\\OSPanel\\domains\\blog_6\\vendor\\laravel\\framework\\src\\Illuminate\\Foundation\\Http\\Middleware\\CheckForMaintenanceMode.php(63): Illuminate\\Pipeline\\Pipeline->Illuminate\\Pipeline\\{closure}(Object(Illuminate\\Http\\Request))
#47 D:\\PROGRAMMING\\OSPanel\\domains\\blog_6\\vendor\\laravel\\framework\\src\\Illuminate\\Pipeline\\Pipeline.php(171): Illuminate\\Foundation\\Http\\Middleware\\CheckForMaintenanceMode->handle(Object(Illuminate\\Http\\Request), Object(Closure))
#48 D:\\PROGRAMMING\\OSPanel\\domains\\blog_6\\vendor\\fideloper\\proxy\\src\\TrustProxies.php(57): Illuminate\\Pipeline\\Pipeline->Illuminate\\Pipeline\\{closure}(Object(Illuminate\\Http\\Request))
#49 D:\\PROGRAMMING\\OSPanel\\domains\\blog_6\\vendor\\laravel\\framework\\src\\Illuminate\\Pipeline\\Pipeline.php(171): Fideloper\\Proxy\\TrustProxies->handle(Object(Illuminate\\Http\\Request), Object(Closure))
#50 D:\\PROGRAMMING\\OSPanel\\domains\\blog_6\\vendor\\laravel\\framework\\src\\Illuminate\\Pipeline\\Pipeline.php(105): Illuminate\\Pipeline\\Pipeline->Illuminate\\Pipeline\\{closure}(Object(Illuminate\\Http\\Request))
#51 D:\\PROGRAMMING\\OSPanel\\domains\\blog_6\\vendor\\laravel\\framework\\src\\Illuminate\\Foundation\\Http\\Kernel.php(145): Illuminate\\Pipeline\\Pipeline->then(Object(Closure))
#52 D:\\PROGRAMMING\\OSPanel\\domains\\blog_6\\vendor\\laravel\\framework\\src\\Illuminate\\Foundation\\Http\\Kernel.php(110): Illuminate\\Foundation\\Http\\Kernel->sendRequestThroughRouter(Object(Illuminate\\Http\\Request))
#53 D:\\PROGRAMMING\\OSPanel\\domains\\blog_6\\public\\index.php(55): Illuminate\\Foundation\\Http\\Kernel->handle(Object(Illuminate\\Http\\Request))
#54 {main}
"} 
